2024-03-16 22:40:49 INFO: Executing Step: Adaptively rename motion files based on parameters
2024-03-16 22:40:49 INFO: Execution successful: python /home/test/MSAF/src/motion_data_generator/src/param_adapter.py

2024-03-16 22:40:49 INFO: Executing Step: Data Generation
2024-03-16 22:40:52 INFO: Execution successful: python /home/test/MSAF/src/motion_data_generator/src/generator.py
motion_states: ['3degps', '9degps', '12degps', '6degps']
Path /home/test/MSAF/data/sim_data/turning_yaw does not exist. Creating it.
motion states: ['3degps', '9degps', '12degps', '6degps']
imu_err:  {'gyro_arw': array([0., 0., 0.]), 'gyro_b_stability': array([0., 0., 0.]), 'gyro_b': array([0., 0., 0.]), 'gyro_k': array([1., 1., 1.]), 'gyro_s': array([0., 0., 0., 0., 0., 0.]), 'accel_vrw': array([0., 0., 0.]), 'accel_b_stability': array([0., 0., 0.]), 'accel_b': array([0., 0., 0.]), 'accel_k': array([1., 1., 1.]), 'accel_s': array([0., 0., 0., 0., 0., 0.])}
gps_err:  {'stdp': array([0., 0., 0.]), 'stdv': array([0., 0., 0.])}
odo_err:  {'scale': 1.0, 'stdv': 0.0}

------------------------------------------------------------
Sample frequency of IMU: [fs] = 100 Hz
Reference frame: 0
Simulation time duration: 20.0 s
Simulation runs: 1

------------------------------------------------------------
Simulation results are saved to /home/test/MSAF/data/sim_data/turning_yaw/3degps
The following results are saved:
	time: sample time
	ref_pos: true LLA pos in the navigation frame
	ref_vel: true vel in the NED frame
	ref_att_euler: true attitude (Euler angles, ZYX)
	ref_accel: true accel in the body frame
	ref_gyro: true angular velocity in the body frame
	gps_time: GPS sample time
	ref_gps: true GPS LLA position and NED velocity
	gps_visibility: GPS visibility
	ref_odo: true odometer velocity
	accel: accel measurements
	gyro: gyro measurements
	gps: GPS LLA position and NED velocity measurements
	odo: odometer velocity measurement
	ref_att_quat: true attitude (quaternion)


------------------------------------------------------------
Sample frequency of IMU: [fs] = 100 Hz
Reference frame: 0
Simulation time duration: 20.0 s
Simulation runs: 1

------------------------------------------------------------
Simulation results are saved to /home/test/MSAF/data/sim_data/turning_yaw/9degps
The following results are saved:
	time: sample time
	ref_pos: true LLA pos in the navigation frame
	ref_vel: true vel in the NED frame
	ref_att_euler: true attitude (Euler angles, ZYX)
	ref_accel: true accel in the body frame
	ref_gyro: true angular velocity in the body frame
	gps_time: GPS sample time
	ref_gps: true GPS LLA position and NED velocity
	gps_visibility: GPS visibility
	ref_odo: true odometer velocity
	accel: accel measurements
	gyro: gyro measurements
	gps: GPS LLA position and NED velocity measurements
	odo: odometer velocity measurement
	ref_att_quat: true attitude (quaternion)


------------------------------------------------------------
Sample frequency of IMU: [fs] = 100 Hz
Reference frame: 0
Simulation time duration: 20.0 s
Simulation runs: 1

------------------------------------------------------------
Simulation results are saved to /home/test/MSAF/data/sim_data/turning_yaw/12degps
The following results are saved:
	time: sample time
	ref_pos: true LLA pos in the navigation frame
	ref_vel: true vel in the NED frame
	ref_att_euler: true attitude (Euler angles, ZYX)
	ref_accel: true accel in the body frame
	ref_gyro: true angular velocity in the body frame
	gps_time: GPS sample time
	ref_gps: true GPS LLA position and NED velocity
	gps_visibility: GPS visibility
	ref_odo: true odometer velocity
	accel: accel measurements
	gyro: gyro measurements
	gps: GPS LLA position and NED velocity measurements
	odo: odometer velocity measurement
	ref_att_quat: true attitude (quaternion)


------------------------------------------------------------
Sample frequency of IMU: [fs] = 100 Hz
Reference frame: 0
Simulation time duration: 20.0 s
Simulation runs: 1

------------------------------------------------------------
Simulation results are saved to /home/test/MSAF/data/sim_data/turning_yaw/6degps
The following results are saved:
	time: sample time
	ref_pos: true LLA pos in the navigation frame
	ref_vel: true vel in the NED frame
	ref_att_euler: true attitude (Euler angles, ZYX)
	ref_accel: true accel in the body frame
	ref_gyro: true angular velocity in the body frame
	gps_time: GPS sample time
	ref_gps: true GPS LLA position and NED velocity
	gps_visibility: GPS visibility
	ref_odo: true odometer velocity
	accel: accel measurements
	gyro: gyro measurements
	gps: GPS LLA position and NED velocity measurements
	odo: odometer velocity measurement
	ref_att_quat: true attitude (quaternion)


------------------------------------------------------------
Sample frequency of IMU: [fs] = 100 Hz
Reference frame: 0
Simulation time duration: 20.0 s
Simulation runs: 1

------------------------------------------------------------
Simulation results are saved to /home/test/MSAF/data/sim_data/turning_yaw/3degps
The following results are saved:
	time: sample time
	ref_pos: true LLA pos in the navigation frame
	ref_vel: true vel in the NED frame
	ref_att_euler: true attitude (Euler angles, ZYX)
	ref_accel: true accel in the body frame
	ref_gyro: true angular velocity in the body frame
	gps_time: GPS sample time
	ref_gps: true GPS LLA position and NED velocity
	gps_visibility: GPS visibility
	ref_odo: true odometer velocity
	accel: accel measurements
	gyro: gyro measurements
	gps: GPS LLA position and NED velocity measurements
	odo: odometer velocity measurement
	ref_att_quat: true attitude (quaternion)


------------------------------------------------------------
Sample frequency of IMU: [fs] = 100 Hz
Reference frame: 0
Simulation time duration: 20.0 s
Simulation runs: 1

------------------------------------------------------------
Simulation results are saved to /home/test/MSAF/data/sim_data/turning_yaw/9degps
The following results are saved:
	time: sample time
	ref_pos: true LLA pos in the navigation frame
	ref_vel: true vel in the NED frame
	ref_att_euler: true attitude (Euler angles, ZYX)
	ref_accel: true accel in the body frame
	ref_gyro: true angular velocity in the body frame
	gps_time: GPS sample time
	ref_gps: true GPS LLA position and NED velocity
	gps_visibility: GPS visibility
	ref_odo: true odometer velocity
	accel: accel measurements
	gyro: gyro measurements
	gps: GPS LLA position and NED velocity measurements
	odo: odometer velocity measurement
	ref_att_quat: true attitude (quaternion)


------------------------------------------------------------
Sample frequency of IMU: [fs] = 100 Hz
Reference frame: 0
Simulation time duration: 20.0 s
Simulation runs: 1

------------------------------------------------------------
Simulation results are saved to /home/test/MSAF/data/sim_data/turning_yaw/12degps
The following results are saved:
	time: sample time
	ref_pos: true LLA pos in the navigation frame
	ref_vel: true vel in the NED frame
	ref_att_euler: true attitude (Euler angles, ZYX)
	ref_accel: true accel in the body frame
	ref_gyro: true angular velocity in the body frame
	gps_time: GPS sample time
	ref_gps: true GPS LLA position and NED velocity
	gps_visibility: GPS visibility
	ref_odo: true odometer velocity
	accel: accel measurements
	gyro: gyro measurements
	gps: GPS LLA position and NED velocity measurements
	odo: odometer velocity measurement
	ref_att_quat: true attitude (quaternion)


------------------------------------------------------------
Sample frequency of IMU: [fs] = 100 Hz
Reference frame: 0
Simulation time duration: 20.0 s
Simulation runs: 1

------------------------------------------------------------
Simulation results are saved to /home/test/MSAF/data/sim_data/turning_yaw/6degps
The following results are saved:
	time: sample time
	ref_pos: true LLA pos in the navigation frame
	ref_vel: true vel in the NED frame
	ref_att_euler: true attitude (Euler angles, ZYX)
	ref_accel: true accel in the body frame
	ref_gyro: true angular velocity in the body frame
	gps_time: GPS sample time
	ref_gps: true GPS LLA position and NED velocity
	gps_visibility: GPS visibility
	ref_odo: true odometer velocity
	accel: accel measurements
	gyro: gyro measurements
	gps: GPS LLA position and NED velocity measurements
	odo: odometer velocity measurement
	ref_att_quat: true attitude (quaternion)


------------------------------------------------------------
Sample frequency of IMU: [fs] = 100 Hz
Reference frame: 0
Simulation time duration: 20.0 s
Simulation runs: 1

------------------------------------------------------------
Simulation results are saved to /home/test/MSAF/data/sim_data/turning_yaw/3degps
The following results are saved:
	time: sample time
	ref_pos: true LLA pos in the navigation frame
	ref_vel: true vel in the NED frame
	ref_att_euler: true attitude (Euler angles, ZYX)
	ref_accel: true accel in the body frame
	ref_gyro: true angular velocity in the body frame
	gps_time: GPS sample time
	ref_gps: true GPS LLA position and NED velocity
	gps_visibility: GPS visibility
	ref_odo: true odometer velocity
	accel: accel measurements
	gyro: gyro measurements
	gps: GPS LLA position and NED velocity measurements
	odo: odometer velocity measurement
	ref_att_quat: true attitude (quaternion)


------------------------------------------------------------
Sample frequency of IMU: [fs] = 100 Hz
Reference frame: 0
Simulation time duration: 20.0 s
Simulation runs: 1

------------------------------------------------------------
Simulation results are saved to /home/test/MSAF/data/sim_data/turning_yaw/9degps
The following results are saved:
	time: sample time
	ref_pos: true LLA pos in the navigation frame
	ref_vel: true vel in the NED frame
	ref_att_euler: true attitude (Euler angles, ZYX)
	ref_accel: true accel in the body frame
	ref_gyro: true angular velocity in the body frame
	gps_time: GPS sample time
	ref_gps: true GPS LLA position and NED velocity
	gps_visibility: GPS visibility
	ref_odo: true odometer velocity
	accel: accel measurements
	gyro: gyro measurements
	gps: GPS LLA position and NED velocity measurements
	odo: odometer velocity measurement
	ref_att_quat: true attitude (quaternion)


------------------------------------------------------------
Sample frequency of IMU: [fs] = 100 Hz
Reference frame: 0
Simulation time duration: 20.0 s
Simulation runs: 1

------------------------------------------------------------
Simulation results are saved to /home/test/MSAF/data/sim_data/turning_yaw/12degps
The following results are saved:
	time: sample time
	ref_pos: true LLA pos in the navigation frame
	ref_vel: true vel in the NED frame
	ref_att_euler: true attitude (Euler angles, ZYX)
	ref_accel: true accel in the body frame
	ref_gyro: true angular velocity in the body frame
	gps_time: GPS sample time
	ref_gps: true GPS LLA position and NED velocity
	gps_visibility: GPS visibility
	ref_odo: true odometer velocity
	accel: accel measurements
	gyro: gyro measurements
	gps: GPS LLA position and NED velocity measurements
	odo: odometer velocity measurement
	ref_att_quat: true attitude (quaternion)


------------------------------------------------------------
Sample frequency of IMU: [fs] = 100 Hz
Reference frame: 0
Simulation time duration: 20.0 s
Simulation runs: 1

------------------------------------------------------------
Simulation results are saved to /home/test/MSAF/data/sim_data/turning_yaw/6degps
The following results are saved:
	time: sample time
	ref_pos: true LLA pos in the navigation frame
	ref_vel: true vel in the NED frame
	ref_att_euler: true attitude (Euler angles, ZYX)
	ref_accel: true accel in the body frame
	ref_gyro: true angular velocity in the body frame
	gps_time: GPS sample time
	ref_gps: true GPS LLA position and NED velocity
	gps_visibility: GPS visibility
	ref_odo: true odometer velocity
	accel: accel measurements
	gyro: gyro measurements
	gps: GPS LLA position and NED velocity measurements
	odo: odometer velocity measurement
	ref_att_quat: true attitude (quaternion)


------------------------------------------------------------
Sample frequency of IMU: [fs] = 100 Hz
Reference frame: 0
Simulation time duration: 20.0 s
Simulation runs: 1

------------------------------------------------------------
Simulation results are saved to /home/test/MSAF/data/sim_data/turning_yaw/3degps
The following results are saved:
	time: sample time
	ref_pos: true LLA pos in the navigation frame
	ref_vel: true vel in the NED frame
	ref_att_euler: true attitude (Euler angles, ZYX)
	ref_accel: true accel in the body frame
	ref_gyro: true angular velocity in the body frame
	gps_time: GPS sample time
	ref_gps: true GPS LLA position and NED velocity
	gps_visibility: GPS visibility
	ref_odo: true odometer velocity
	accel: accel measurements
	gyro: gyro measurements
	gps: GPS LLA position and NED velocity measurements
	odo: odometer velocity measurement
	ref_att_quat: true attitude (quaternion)


------------------------------------------------------------
Sample frequency of IMU: [fs] = 100 Hz
Reference frame: 0
Simulation time duration: 20.0 s
Simulation runs: 1

------------------------------------------------------------
Simulation results are saved to /home/test/MSAF/data/sim_data/turning_yaw/9degps
The following results are saved:
	time: sample time
	ref_pos: true LLA pos in the navigation frame
	ref_vel: true vel in the NED frame
	ref_att_euler: true attitude (Euler angles, ZYX)
	ref_accel: true accel in the body frame
	ref_gyro: true angular velocity in the body frame
	gps_time: GPS sample time
	ref_gps: true GPS LLA position and NED velocity
	gps_visibility: GPS visibility
	ref_odo: true odometer velocity
	accel: accel measurements
	gyro: gyro measurements
	gps: GPS LLA position and NED velocity measurements
	odo: odometer velocity measurement
	ref_att_quat: true attitude (quaternion)


------------------------------------------------------------
Sample frequency of IMU: [fs] = 100 Hz
Reference frame: 0
Simulation time duration: 20.0 s
Simulation runs: 1

------------------------------------------------------------
Simulation results are saved to /home/test/MSAF/data/sim_data/turning_yaw/12degps
The following results are saved:
	time: sample time
	ref_pos: true LLA pos in the navigation frame
	ref_vel: true vel in the NED frame
	ref_att_euler: true attitude (Euler angles, ZYX)
	ref_accel: true accel in the body frame
	ref_gyro: true angular velocity in the body frame
	gps_time: GPS sample time
	ref_gps: true GPS LLA position and NED velocity
	gps_visibility: GPS visibility
	ref_odo: true odometer velocity
	accel: accel measurements
	gyro: gyro measurements
	gps: GPS LLA position and NED velocity measurements
	odo: odometer velocity measurement
	ref_att_quat: true attitude (quaternion)


------------------------------------------------------------
Sample frequency of IMU: [fs] = 100 Hz
Reference frame: 0
Simulation time duration: 20.0 s
Simulation runs: 1

------------------------------------------------------------
Simulation results are saved to /home/test/MSAF/data/sim_data/turning_yaw/6degps
The following results are saved:
	time: sample time
	ref_pos: true LLA pos in the navigation frame
	ref_vel: true vel in the NED frame
	ref_att_euler: true attitude (Euler angles, ZYX)
	ref_accel: true accel in the body frame
	ref_gyro: true angular velocity in the body frame
	gps_time: GPS sample time
	ref_gps: true GPS LLA position and NED velocity
	gps_visibility: GPS visibility
	ref_odo: true odometer velocity
	accel: accel measurements
	gyro: gyro measurements
	gps: GPS LLA position and NED velocity measurements
	odo: odometer velocity measurement
	ref_att_quat: true attitude (quaternion)


2024-03-16 22:40:52 INFO: Executing Step: Plot the Simulated Path from motion_data_generator
2024-03-16 22:40:54 INFO: Execution successful: python /home/test/MSAF/scripts/plot_ref_path.py
------------------------module.1.motion_data_generator start------------------
------------------------module.1.motion_data_generator Done.------------------

2024-03-16 22:40:54 INFO: Executing Step: Execute ESKF and observability analysis
2024-03-16 22:40:55 INFO: Execution successful: python /home/test/MSAF/scripts/eskf_batch.py
------------------------module.2.Sensor Fusion Engine start---------------------
Debug: obs_result_dir: /home/test/MSAF/data/obs_result
Debug: filename: obs_result.txt
Debug: file_path: /home/test/MSAF/data/obs_result/obs_result.txt
Debug: motion_states: ['3degps', '6degps', '9degps', '12degps']
Debug: state: 3degps
Debug: command: ['/home/test/MSAF/build/MSAF', '3degps', '', '/home/test/MSAF/data/obs_result/obs_result.txt']
Argument 1 (motion_state_suffix): 3degps
Argument 2 (folder_suffix) is empty or not provided.
Argument 3 (obs_result_path): /home/test/MSAF/data/obs_result/obs_result.txt
Init local map frame at: 32, 120, -2.44929e-17
Debug: spoofing in turning, add deviation: 10.7181 m in x direction and -5.39655 m in y direction.

Debug: spoofing in turning, add deviation: 8.21113 m in x direction and -8.75085 m in y direction.

Debug: spoofing in turning, add deviation: 6.32773 m in x direction and -10.1961 m in y direction.

counter_for_while: 199
predictCounter: 199
correctCounter : 199
obs_size: 14
Qsom size: 2388 x 15
Ysom size: 2388
Processing part: 3
Processing observability instance [Time: 0.1]
Processing observability instance [Time: 1.6]
Processing observability instance [Time: 3.1]
Processing observability instance [Time: 4.6]
Processing observability instance [Time: 6.1]
Processing observability instance [Time: 7.6]
Processing observability instance [Time: 9.1]
Processing observability instance [Time: 10.6]
Processing observability instance [Time: 12.1]
Processing observability instance [Time: 13.6]
Processing observability instance [Time: 15.1]
Processing observability instance [Time: 16.6]
Processing observability instance [Time: 18.1]
Processing observability instance [Time: 19.6]
Debug: result: CompletedProcess(args=['/home/test/MSAF/build/MSAF', '3degps', '', '/home/test/MSAF/data/obs_result/obs_result.txt'], returncode=0)
Debug: state: 6degps
Debug: command: ['/home/test/MSAF/build/MSAF', '6degps', '', '/home/test/MSAF/data/obs_result/obs_result.txt']
Argument 1 (motion_state_suffix): 6degps
Argument 2 (folder_suffix) is empty or not provided.
Argument 3 (obs_result_path): /home/test/MSAF/data/obs_result/obs_result.txt
Init local map frame at: 32, 120, -2.44929e-17
Debug: spoofing in turning, add deviation: 9.47537 m in x direction and -7.36324 m in y direction.

Debug: spoofing in turning, add deviation: 4.40222 m in x direction and -11.1634 m in y direction.

Debug: spoofing in turning, add deviation: 0.758469 m in x direction and -11.976 m in y direction.

counter_for_while: 199
predictCounter: 199
correctCounter : 199
obs_size: 14
Qsom size: 2388 x 15
Ysom size: 2388
Processing part: 3
Processing observability instance [Time: 0.1]
Processing observability instance [Time: 1.6]
Processing observability instance [Time: 3.1]
Processing observability instance [Time: 4.6]
Processing observability instance [Time: 6.1]
Processing observability instance [Time: 7.6]
Processing observability instance [Time: 9.1]
Processing observability instance [Time: 10.6]
Processing observability instance [Time: 12.1]
Processing observability instance [Time: 13.6]
Processing observability instance [Time: 15.1]
Processing observability instance [Time: 16.6]
Processing observability instance [Time: 18.1]
Processing observability instance [Time: 19.6]
Debug: result: CompletedProcess(args=['/home/test/MSAF/build/MSAF', '6degps', '', '/home/test/MSAF/data/obs_result/obs_result.txt'], returncode=0)
Debug: state: 9degps
Debug: command: ['/home/test/MSAF/build/MSAF', '9degps', '', '/home/test/MSAF/data/obs_result/obs_result.txt']
Argument 1 (motion_state_suffix): 9degps
Argument 2 (folder_suffix) is empty or not provided.
Argument 3 (obs_result_path): /home/test/MSAF/data/obs_result/obs_result.txt
Init local map frame at: 32, 120, -2.44929e-17
Debug: spoofing in turning, add deviation: 8.20299 m in x direction and -8.75848 m in y direction.

Debug: spoofing in turning, add deviation: 0.535463 m in x direction and -11.988 m in y direction.

Debug: spoofing in turning, add deviation: -4.99619 m in x direction and -10.9105 m in y direction.

counter_for_while: 199
predictCounter: 199
correctCounter : 199
obs_size: 14
Qsom size: 2388 x 15
Ysom size: 2388
Processing part: 3
Processing observability instance [Time: 0.1]
Processing observability instance [Time: 1.6]
Processing observability instance [Time: 3.1]
Processing observability instance [Time: 4.6]
Processing observability instance [Time: 6.1]
Processing observability instance [Time: 7.6]
Processing observability instance [Time: 9.1]
Processing observability instance [Time: 10.6]
Processing observability instance [Time: 12.1]
Processing observability instance [Time: 13.6]
Processing observability instance [Time: 15.1]
Processing observability instance [Time: 16.6]
Processing observability instance [Time: 18.1]
Processing observability instance [Time: 19.6]
Debug: result: CompletedProcess(args=['/home/test/MSAF/build/MSAF', '9degps', '', '/home/test/MSAF/data/obs_result/obs_result.txt'], returncode=0)
Debug: state: 12degps
Debug: command: ['/home/test/MSAF/build/MSAF', '12degps', '', '/home/test/MSAF/data/obs_result/obs_result.txt']
Argument 1 (motion_state_suffix): 12degps
Argument 2 (folder_suffix) is empty or not provided.
Argument 3 (obs_result_path): /home/test/MSAF/data/obs_result/obs_result.txt
Init local map frame at: 32, 120, -2.44929e-17
Debug: spoofing in turning, add deviation: 6.83118 m in x direction and -9.86585 m in y direction.

Debug: spoofing in turning, add deviation: -3.25935 m in x direction and -11.5489 m in y direction.

Debug: spoofing in turning, add deviation: -10.6439 m in x direction and -5.5415 m in y direction.

counter_for_while: 199
predictCounter: 199
correctCounter : 199
obs_size: 14
Qsom size: 2388 x 15
Ysom size: 2388
Processing part: 3
Processing observability instance [Time: 0.1]
Processing observability instance [Time: 1.6]
Processing observability instance [Time: 3.1]
Processing observability instance [Time: 4.6]
Processing observability instance [Time: 6.1]
Processing observability instance [Time: 7.6]
Processing observability instance [Time: 9.1]
Processing observability instance [Time: 10.6]
Processing observability instance [Time: 12.1]
Processing observability instance [Time: 13.6]
Processing observability instance [Time: 15.1]
Processing observability instance [Time: 16.6]
Processing observability instance [Time: 18.1]
Processing observability instance [Time: 19.6]
Debug: result: CompletedProcess(args=['/home/test/MSAF/build/MSAF', '12degps', '', '/home/test/MSAF/data/obs_result/obs_result.txt'], returncode=0)
------------------------module.2.Sensor Fusion Engine Done.---------------------

2024-03-16 22:40:55 INFO: Executing Step: Parse Observations
2024-03-16 22:40:55 INFO: Execution successful: python /home/test/MSAF/scripts/parse_obs_to_yaml.py
------------------------module.3.State Dependency Analysis start---------------
------------------------module.3.State Dependency Analysis Done----------------

2024-03-16 22:40:55 INFO: Executing Step: Plot Radar
2024-03-16 22:40:57 INFO: Execution successful: python /home/test/MSAF/scripts/plot_radar.py

2024-03-16 22:40:57 INFO: Executing Step: Plot K Values
2024-03-16 22:41:01 INFO: Execution successful: python /home/test/MSAF/scripts/plot_k_values.py
Debug: base_path: data/K_values/turning_yaw/

2024-03-16 22:41:01 INFO: Executing Step: Plot Spoof_path
2024-03-16 22:41:07 INFO: Execution successful: python /home/test/MSAF/scripts/plot_spoof_path_yaw.py
Percentage distances to ref_data_posi for 3degps: [-9.615210595135764, -11.016268027014732, -11.599436354165746]
Percentage distances to ref_data_posi for 9degps: [-11.07919051380658, -12.46932148279133, -11.927672337873048]
Percentage distances to ref_data_posi for 12degps: [-11.599806458320629, -12.38241103492389, -9.915248054823152]
Percentage distances to ref_data_posi for 6degps: [-10.456142194587287, -12.058630202725013, -12.3166131642554]

